This is pdfTeX, Version 3.141592653-2.6-1.40.24 (MiKTeX 22.7) (preloaded format=pdflatex 2022.8.23)  16 MAY 2024 18:39
entering extended mode
 restricted \write18 enabled.
 %&-line parsing enabled.
**Chapter3
(C:\Users\12698\AppData\Local\Programs\MiKTeX\tex/latex/tools\q.tex
LaTeX2e <2022-06-01> patch level 5
L3 programming layer <2022-07-04> File ignored
)
! Emergency stop.
<*> Chapter3
            
*** (job aborted, no legal \end found)

 
Here is how much of TeX's memory you used:
 19 strings out of 478338
 501 string characters out of 2836700
 297722 words of memory out of 3000000
 18549 multiletter control sequences out of 15000+600000
 469259 words of font info for 28 fonts, out of 8000000 for 9000
 1141 hyphenation exceptions out of 8191
 13i,0n,12p,88b,10s stack positions out of 10000i,1000n,20000p,200000b,80000s
!  ==> Fatal error occurred, no output PDF file produced!
